<?xml version="1.0" encoding="UTF-8"?>
<!-- Generated by org.testng.reporters.JUnitReportReporter -->
<testsuite skipped="0" hostname="C02Q4K0EG8WP" name="gojek_selenuim.gojek_selenuim.TestAmazon" tests="2" failures="0" timestamp="23 Sep 2019 11:59:19 GMT" time="141.210" errors="0">
  <testcase name="testAmazonLogin" time="18.276" classname="gojek_selenuim.gojek_selenuim.TestAmazon"/>
  <testcase name="testAddToCart" time="122.934" classname="gojek_selenuim.gojek_selenuim.TestAmazon"/>
</testsuite> <!-- gojek_selenuim.gojek_selenuim.TestAmazon -->
